<?xml version="1.0" encoding="UTF-8"?>
<!-- Generated by org.testng.reporters.JUnitXMLReporter -->
<testsuite ignored="1" hostname="DESKTOP-VIA45SS" failures="1" tests="2" name="Test" time="34.362" errors="0" timestamp="2024-11-15T07:08:54 IST">
  <testcase classname="TestCases.registerTestCases" name="verifyRegsiterationWithBlankData" time="3.348">
    <failure type="java.lang.AssertionError" message="The following asserts failed:
	expected [//First Name must be between 1 and 32 characters!] but found [First Name must be between 1 and 32 characters!]">
      <![CDATA[java.lang.AssertionError: The following asserts failed:
expected [//First Name must be between 1 and 32 characters!] but found [First Name must be between 1 and 32 characters!]
at Resources.commonMethods.handleAssertion(commonMethods.java:20)
at TestCases.registerTestCases.verifyRegsiterationWithBlankData(registerTestCases.java:54)
at java.base/java.util.ArrayList.forEach(ArrayList.java:1596)
... Removed 27 stack frames]]>
    </failure>
  </testcase> <!-- verifyRegsiterationWithBlankData -->
  <testcase classname="TestCases.registerTestCases" name="verifyRegsiterationWithValidData" time="7.142"/>
  <testcase classname="TestCases.registerTestCases" name="verifyRegsiterationWithInvalidData" time="0.0">
    <ignored/>
  </testcase> <!-- verifyRegsiterationWithInvalidData -->
</testsuite> <!-- Test -->
